{
    "meta": {
        "format": 2,
        "version": "7.4.3",
        "timestamp": "2024-04-03T15:47:30.222962",
        "branch_coverage": true,
        "show_contexts": false
    },
    "files": {
        "mkdocs_publisher/_cli/plugins/dev.py": {
            "executed_lines": [],
            "summary": {
                "covered_lines": 0,
                "num_statements": 40,
                "percent_covered": 0.0,
                "percent_covered_display": "0",
                "missing_lines": 40,
                "excluded_lines": 0,
                "num_branches": 12,
                "num_partial_branches": 0,
                "covered_branches": 0,
                "missing_branches": 12
            },
            "missing_lines": [
                23,
                24,
                25,
                26,
                27,
                29,
                31,
                32,
                33,
                35,
                38,
                39,
                41,
                44,
                45,
                46,
                47,
                49,
                50,
                51,
                52,
                55,
                56,
                57,
                58,
                59,
                61,
                62,
                64,
                65,
                66,
                69,
                70,
                72,
                73,
                74,
                75,
                76,
                77,
                88
            ],
            "excluded_lines": [],
            "executed_branches": [],
            "missing_branches": [
                [
                    45,
                    -44
                ],
                [
                    45,
                    46
                ],
                [
                    46,
                    47
                ],
                [
                    46,
                    49
                ],
                [
                    61,
                    62
                ],
                [
                    61,
                    64
                ],
                [
                    64,
                    65
                ],
                [
                    64,
                    66
                ],
                [
                    73,
                    -69
                ],
                [
                    73,
                    74
                ],
                [
                    74,
                    73
                ],
                [
                    74,
                    75
                ]
            ]
        },
        "mkdocs_publisher/_cli/plugins/md_tools.py": {
            "executed_lines": [],
            "summary": {
                "covered_lines": 0,
                "num_statements": 43,
                "percent_covered": 0.0,
                "percent_covered_display": "0",
                "missing_lines": 43,
                "excluded_lines": 0,
                "num_branches": 12,
                "num_partial_branches": 0,
                "covered_branches": 0,
                "missing_branches": 12
            },
            "missing_lines": [
                23,
                24,
                25,
                27,
                28,
                29,
                31,
                32,
                34,
                37,
                38,
                40,
                43,
                44,
                45,
                46,
                47,
                49,
                50,
                52,
                53,
                54,
                55,
                56,
                61,
                63,
                65,
                66,
                67,
                68,
                69,
                70,
                71,
                72,
                73,
                74,
                77,
                78,
                79,
                80,
                81,
                82,
                83
            ],
            "excluded_lines": [],
            "executed_branches": [],
            "missing_branches": [
                [
                    53,
                    54
                ],
                [
                    53,
                    61
                ],
                [
                    65,
                    -43
                ],
                [
                    65,
                    66
                ],
                [
                    69,
                    70
                ],
                [
                    69,
                    79
                ],
                [
                    70,
                    71
                ],
                [
                    70,
                    73
                ],
                [
                    73,
                    69
                ],
                [
                    73,
                    74
                ],
                [
                    79,
                    80
                ],
                [
                    79,
                    81
                ]
            ]
        },
        "mkdocs_publisher/_cli/publisher.py": {
            "executed_lines": [],
            "summary": {
                "covered_lines": 0,
                "num_statements": 18,
                "percent_covered": 0.0,
                "percent_covered_display": "0",
                "missing_lines": 18,
                "excluded_lines": 0,
                "num_branches": 4,
                "num_partial_branches": 0,
                "covered_branches": 0,
                "missing_branches": 4
            },
            "missing_lines": [
                23,
                24,
                25,
                27,
                30,
                31,
                32,
                37,
                38,
                41,
                42,
                43,
                44,
                45,
                46,
                51,
                54,
                55
            ],
            "excluded_lines": [],
            "executed_branches": [],
            "missing_branches": [
                [
                    43,
                    -41
                ],
                [
                    43,
                    44
                ],
                [
                    54,
                    -23
                ],
                [
                    54,
                    55
                ]
            ]
        },
        "mkdocs_publisher/_extra/assets/__init__.py": {
            "executed_lines": [
                1
            ],
            "summary": {
                "covered_lines": 0,
                "num_statements": 0,
                "percent_covered": 100.0,
                "percent_covered_display": "100",
                "missing_lines": 0,
                "excluded_lines": 0,
                "num_branches": 0,
                "num_partial_branches": 0,
                "covered_branches": 0,
                "missing_branches": 0
            },
            "missing_lines": [],
            "excluded_lines": [],
            "executed_branches": [],
            "missing_branches": []
        },
        "mkdocs_publisher/_extra/assets/stylesheets/__init__.py": {
            "executed_lines": [
                1
            ],
            "summary": {
                "covered_lines": 0,
                "num_statements": 0,
                "percent_covered": 100.0,
                "percent_covered_display": "100",
                "missing_lines": 0,
                "excluded_lines": 0,
                "num_branches": 0,
                "num_partial_branches": 0,
                "covered_branches": 0,
                "missing_branches": 0
            },
            "missing_lines": [],
            "excluded_lines": [],
            "executed_branches": [],
            "missing_branches": []
        },
        "mkdocs_publisher/_extra/assets/templates/__init__.py": {
            "executed_lines": [
                1
            ],
            "summary": {
                "covered_lines": 0,
                "num_statements": 0,
                "percent_covered": 100.0,
                "percent_covered_display": "100",
                "missing_lines": 0,
                "excluded_lines": 0,
                "num_branches": 0,
                "num_partial_branches": 0,
                "covered_branches": 0,
                "missing_branches": 0
            },
            "missing_lines": [],
            "excluded_lines": [],
            "executed_branches": [],
            "missing_branches": []
        },
        "mkdocs_publisher/_shared/file_utils.py": {
            "executed_lines": [
                23,
                24,
                25,
                26,
                27,
                28,
                30,
                33,
                39,
                48,
                56,
                77
            ],
            "summary": {
                "covered_lines": 12,
                "num_statements": 38,
                "percent_covered": 21.428571428571427,
                "percent_covered_display": "21",
                "missing_lines": 26,
                "excluded_lines": 0,
                "num_branches": 18,
                "num_partial_branches": 0,
                "covered_branches": 0,
                "missing_branches": 18
            },
            "missing_lines": [
                34,
                35,
                36,
                40,
                41,
                42,
                43,
                45,
                49,
                50,
                51,
                52,
                53,
                61,
                62,
                63,
                64,
                65,
                66,
                68,
                69,
                70,
                71,
                73,
                74,
                78
            ],
            "excluded_lines": [],
            "executed_branches": [],
            "missing_branches": [
                [
                    34,
                    -34
                ],
                [
                    34,
                    35
                ],
                [
                    40,
                    -39
                ],
                [
                    40,
                    41
                ],
                [
                    41,
                    42
                ],
                [
                    41,
                    45
                ],
                [
                    51,
                    52
                ],
                [
                    51,
                    53
                ],
                [
                    64,
                    65
                ],
                [
                    64,
                    68
                ],
                [
                    65,
                    64
                ],
                [
                    65,
                    66
                ],
                [
                    69,
                    70
                ],
                [
                    69,
                    73
                ],
                [
                    70,
                    69
                ],
                [
                    70,
                    71
                ],
                [
                    73,
                    -73
                ],
                [
                    73,
                    74
                ]
            ]
        },
        "mkdocs_publisher/_shared/html_modifiers.py": {
            "executed_lines": [
                23,
                26,
                27,
                29,
                32,
                35,
                39,
                45
            ],
            "summary": {
                "covered_lines": 7,
                "num_statements": 15,
                "percent_covered": 36.8421052631579,
                "percent_covered_display": "37",
                "missing_lines": 8,
                "excluded_lines": 0,
                "num_branches": 4,
                "num_partial_branches": 0,
                "covered_branches": 0,
                "missing_branches": 4
            },
            "missing_lines": [
                30,
                33,
                37,
                41,
                47,
                48,
                49,
                50
            ],
            "excluded_lines": [],
            "executed_branches": [],
            "missing_branches": [
                [
                    47,
                    -45
                ],
                [
                    47,
                    48
                ],
                [
                    49,
                    47
                ],
                [
                    49,
                    50
                ]
            ]
        },
        "mkdocs_publisher/_shared/links.py": {
            "executed_lines": [
                23,
                24,
                25,
                26,
                27,
                29,
                31,
                34,
                35,
                36,
                37,
                38,
                39,
                40,
                42,
                43,
                44,
                47,
                50,
                53,
                56,
                59,
                60,
                61,
                62,
                63,
                65,
                66,
                67,
                69,
                70,
                71,
                73,
                75,
                76,
                77,
                79,
                80,
                81,
                82,
                83,
                85,
                86,
                87,
                88,
                89,
                90,
                91,
                93,
                97,
                98,
                100,
                102,
                103,
                104,
                105,
                106,
                107,
                108,
                109,
                110,
                111,
                113,
                114,
                115,
                116,
                117,
                118,
                119,
                122,
                123,
                124,
                125,
                126,
                127,
                128,
                130,
                131,
                132,
                133,
                135,
                136,
                137,
                138,
                139,
                141,
                143,
                146,
                147,
                148,
                149,
                150,
                151,
                153,
                154,
                155,
                157,
                158,
                159,
                160,
                161,
                162,
                163,
                164,
                165,
                166,
                167,
                168,
                169,
                170,
                171,
                172,
                173,
                176,
                177,
                178,
                179,
                180,
                181,
                182,
                184,
                185,
                186,
                187,
                188,
                189,
                190,
                193,
                194,
                195,
                196,
                197,
                198,
                199,
                201,
                202,
                203,
                205,
                206,
                208,
                217,
                218,
                219,
                221,
                223,
                224
            ],
            "summary": {
                "covered_lines": 144,
                "num_statements": 144,
                "percent_covered": 100.0,
                "percent_covered_display": "100",
                "missing_lines": 0,
                "excluded_lines": 2,
                "num_branches": 48,
                "num_partial_branches": 0,
                "covered_branches": 48,
                "missing_branches": 0
            },
            "missing_lines": [],
            "excluded_lines": [
                82,
                83
            ],
            "executed_branches": [
                [
                    77,
                    79
                ],
                [
                    77,
                    98
                ],
                [
                    80,
                    81
                ],
                [
                    80,
                    85
                ],
                [
                    86,
                    87
                ],
                [
                    86,
                    89
                ],
                [
                    89,
                    90
                ],
                [
                    89,
                    93
                ],
                [
                    93,
                    -93
                ],
                [
                    93,
                    93
                ],
                [
                    93,
                    97
                ],
                [
                    108,
                    109
                ],
                [
                    108,
                    117
                ],
                [
                    110,
                    111
                ],
                [
                    110,
                    113
                ],
                [
                    110,
                    114
                ],
                [
                    117,
                    118
                ],
                [
                    117,
                    119
                ],
                [
                    122,
                    123
                ],
                [
                    122,
                    124
                ],
                [
                    133,
                    135
                ],
                [
                    133,
                    141
                ],
                [
                    135,
                    136
                ],
                [
                    135,
                    137
                ],
                [
                    137,
                    138
                ],
                [
                    137,
                    139
                ],
                [
                    146,
                    147
                ],
                [
                    146,
                    148
                ],
                [
                    154,
                    155
                ],
                [
                    154,
                    157
                ],
                [
                    158,
                    159
                ],
                [
                    158,
                    167
                ],
                [
                    165,
                    166
                ],
                [
                    165,
                    167
                ],
                [
                    167,
                    168
                ],
                [
                    167,
                    172
                ],
                [
                    169,
                    170
                ],
                [
                    169,
                    171
                ],
                [
                    176,
                    177
                ],
                [
                    176,
                    178
                ],
                [
                    187,
                    188
                ],
                [
                    187,
                    189
                ],
                [
                    193,
                    194
                ],
                [
                    193,
                    195
                ],
                [
                    205,
                    206
                ],
                [
                    205,
                    208
                ],
                [
                    208,
                    208
                ],
                [
                    208,
                    217
                ],
                [
                    208,
                    223
                ],
                [
                    218,
                    219
                ],
                [
                    218,
                    221
                ]
            ],
            "missing_branches": []
        },
        "mkdocs_publisher/_shared/mkdocs_utils.py": {
            "executed_lines": [
                23,
                24,
                25,
                26,
                27,
                28,
                30,
                31,
                33,
                36,
                37,
                38,
                39,
                40,
                42,
                43,
                45,
                46,
                47,
                48,
                49,
                50,
                51,
                53,
                54,
                55,
                56,
                57,
                58,
                60,
                61,
                63,
                64,
                65,
                67,
                68,
                69,
                71,
                72,
                73,
                74,
                75,
                76,
                77,
                78,
                80,
                81,
                82,
                85,
                88,
                89,
                97,
                100
            ],
            "summary": {
                "covered_lines": 53,
                "num_statements": 63,
                "percent_covered": 80.45977011494253,
                "percent_covered_display": "80",
                "missing_lines": 10,
                "excluded_lines": 0,
                "num_branches": 24,
                "num_partial_branches": 1,
                "covered_branches": 17,
                "missing_branches": 7
            },
            "missing_lines": [
                90,
                91,
                92,
                93,
                94,
                95,
                101,
                102,
                103,
                104
            ],
            "excluded_lines": [],
            "executed_branches": [
                [
                    38,
                    39
                ],
                [
                    38,
                    40
                ],
                [
                    47,
                    48
                ],
                [
                    47,
                    49
                ],
                [
                    49,
                    50
                ],
                [
                    49,
                    51
                ],
                [
                    56,
                    57
                ],
                [
                    56,
                    61
                ],
                [
                    57,
                    58
                ],
                [
                    57,
                    60
                ],
                [
                    73,
                    -73
                ],
                [
                    73,
                    73
                ],
                [
                    73,
                    74
                ],
                [
                    74,
                    75
                ],
                [
                    74,
                    76
                ],
                [
                    76,
                    77
                ],
                [
                    76,
                    78
                ],
                [
                    89,
                    97
                ]
            ],
            "missing_branches": [
                [
                    89,
                    90
                ],
                [
                    90,
                    91
                ],
                [
                    90,
                    95
                ],
                [
                    91,
                    92
                ],
                [
                    91,
                    93
                ],
                [
                    93,
                    90
                ],
                [
                    93,
                    94
                ]
            ]
        },
        "mkdocs_publisher/_shared/publisher_utils.py": {
            "executed_lines": [
                23,
                24,
                25,
                26,
                27,
                29,
                31,
                32,
                33,
                35,
                38,
                52
            ],
            "summary": {
                "covered_lines": 12,
                "num_statements": 25,
                "percent_covered": 41.37931034482759,
                "percent_covered_display": "41",
                "missing_lines": 13,
                "excluded_lines": 0,
                "num_branches": 4,
                "num_partial_branches": 0,
                "covered_branches": 0,
                "missing_branches": 4
            },
            "missing_lines": [
                39,
                46,
                47,
                49,
                53,
                54,
                55,
                57,
                64,
                65,
                66,
                67,
                69
            ],
            "excluded_lines": [],
            "executed_branches": [],
            "missing_branches": [
                [
                    46,
                    47
                ],
                [
                    46,
                    49
                ],
                [
                    64,
                    65
                ],
                [
                    64,
                    69
                ]
            ]
        },
        "mkdocs_publisher/_shared/resources.py": {
            "executed_lines": [
                23,
                24,
                25,
                27,
                28,
                29,
                31,
                34,
                35,
                37,
                40,
                47,
                48,
                49,
                50,
                58,
                59,
                61,
                64,
                69,
                72,
                80,
                81,
                84,
                93,
                96,
                97,
                98
            ],
            "summary": {
                "covered_lines": 28,
                "num_statements": 28,
                "percent_covered": 100.0,
                "percent_covered_display": "100",
                "missing_lines": 0,
                "excluded_lines": 0,
                "num_branches": 4,
                "num_partial_branches": 0,
                "covered_branches": 4,
                "missing_branches": 0
            },
            "missing_lines": [],
            "excluded_lines": [],
            "executed_branches": [
                [
                    49,
                    50
                ],
                [
                    49,
                    61
                ],
                [
                    80,
                    -64
                ],
                [
                    80,
                    81
                ]
            ],
            "missing_branches": []
        },
        "mkdocs_publisher/_shared/urls.py": {
            "executed_lines": [
                23,
                24,
                25,
                26,
                28,
                30,
                32,
                35,
                38,
                39,
                40,
                43,
                52,
                53,
                54,
                55,
                56,
                59,
                60,
                62,
                63,
                67,
                68
            ],
            "summary": {
                "covered_lines": 23,
                "num_statements": 23,
                "percent_covered": 100.0,
                "percent_covered_display": "100",
                "missing_lines": 0,
                "excluded_lines": 0,
                "num_branches": 10,
                "num_partial_branches": 0,
                "covered_branches": 10,
                "missing_branches": 0
            },
            "missing_lines": [],
            "excluded_lines": [],
            "executed_branches": [
                [
                    52,
                    53
                ],
                [
                    52,
                    59
                ],
                [
                    53,
                    54
                ],
                [
                    53,
                    55
                ],
                [
                    55,
                    56
                ],
                [
                    55,
                    59
                ],
                [
                    59,
                    60
                ],
                [
                    59,
                    67
                ],
                [
                    62,
                    63
                ],
                [
                    62,
                    67
                ]
            ],
            "missing_branches": []
        },
        "mkdocs_publisher/blog/config.py": {
            "executed_lines": [
                23,
                24,
                27,
                28,
                29,
                30,
                31,
                32,
                33,
                34,
                35,
                36,
                37,
                38,
                39,
                42,
                43,
                44,
                47,
                49,
                50,
                51,
                52,
                53,
                56,
                57,
                58,
                59,
                60,
                62,
                64
            ],
            "summary": {
                "covered_lines": 31,
                "num_statements": 31,
                "percent_covered": 100.0,
                "percent_covered_display": "100",
                "missing_lines": 0,
                "excluded_lines": 0,
                "num_branches": 0,
                "num_partial_branches": 0,
                "covered_branches": 0,
                "missing_branches": 0
            },
            "missing_lines": [],
            "excluded_lines": [],
            "executed_branches": [],
            "missing_branches": []
        },
        "mkdocs_publisher/blog/creators.py": {
            "executed_lines": [
                23,
                24,
                25,
                26,
                27,
                29,
                30,
                31,
                32,
                35,
                38,
                39,
                41,
                44,
                61,
                163,
                194
            ],
            "summary": {
                "covered_lines": 17,
                "num_statements": 91,
                "percent_covered": 13.821138211382113,
                "percent_covered_display": "14",
                "missing_lines": 74,
                "excluded_lines": 0,
                "num_branches": 32,
                "num_partial_branches": 0,
                "covered_branches": 0,
                "missing_branches": 32
            },
            "missing_lines": [
                48,
                49,
                50,
                56,
                57,
                58,
                68,
                69,
                70,
                71,
                72,
                75,
                76,
                81,
                82,
                83,
                86,
                88,
                89,
                90,
                91,
                93,
                94,
                95,
                96,
                97,
                99,
                100,
                101,
                102,
                103,
                104,
                107,
                110,
                111,
                113,
                114,
                115,
                117,
                124,
                125,
                127,
                129,
                140,
                151,
                169,
                171,
                172,
                174,
                175,
                177,
                178,
                179,
                180,
                187,
                188,
                190,
                191,
                205,
                206,
                212,
                213,
                216,
                218,
                219,
                220,
                221,
                223,
                224,
                225,
                226,
                227,
                229,
                230
            ],
            "excluded_lines": [],
            "executed_branches": [],
            "missing_branches": [
                [
                    48,
                    -44
                ],
                [
                    48,
                    49
                ],
                [
                    75,
                    76
                ],
                [
                    75,
                    86
                ],
                [
                    81,
                    82
                ],
                [
                    81,
                    83
                ],
                [
                    86,
                    88
                ],
                [
                    86,
                    107
                ],
                [
                    89,
                    90
                ],
                [
                    89,
                    91
                ],
                [
                    94,
                    95
                ],
                [
                    94,
                    99
                ],
                [
                    95,
                    96
                ],
                [
                    95,
                    97
                ],
                [
                    100,
                    86
                ],
                [
                    100,
                    101
                ],
                [
                    101,
                    102
                ],
                [
                    101,
                    104
                ],
                [
                    107,
                    -107
                ],
                [
                    107,
                    110
                ],
                [
                    110,
                    -110
                ],
                [
                    110,
                    111
                ],
                [
                    113,
                    114
                ],
                [
                    113,
                    129
                ],
                [
                    177,
                    178
                ],
                [
                    177,
                    191
                ],
                [
                    218,
                    219
                ],
                [
                    218,
                    220
                ],
                [
                    220,
                    221
                ],
                [
                    220,
                    223
                ],
                [
                    226,
                    227
                ],
                [
                    226,
                    229
                ]
            ]
        },
        "mkdocs_publisher/blog/lang/__init__.py": {
            "executed_lines": [],
            "summary": {
                "covered_lines": 0,
                "num_statements": 0,
                "percent_covered": 100.0,
                "percent_covered_display": "100",
                "missing_lines": 0,
                "excluded_lines": 0,
                "num_branches": 0,
                "num_partial_branches": 0,
                "covered_branches": 0,
                "missing_branches": 0
            },
            "missing_lines": [],
            "excluded_lines": [],
            "executed_branches": [],
            "missing_branches": []
        },
        "mkdocs_publisher/blog/modifiers.py": {
            "executed_lines": [
                23,
                24,
                25,
                26,
                28,
                29,
                30,
                32,
                34,
                37,
                49,
                81
            ],
            "summary": {
                "covered_lines": 12,
                "num_statements": 41,
                "percent_covered": 19.047619047619047,
                "percent_covered_display": "19",
                "missing_lines": 29,
                "excluded_lines": 0,
                "num_branches": 22,
                "num_partial_branches": 0,
                "covered_branches": 0,
                "missing_branches": 22
            },
            "missing_lines": [
                42,
                43,
                56,
                57,
                60,
                61,
                62,
                66,
                67,
                68,
                71,
                72,
                77,
                78,
                84,
                85,
                86,
                87,
                88,
                89,
                90,
                93,
                94,
                95,
                96,
                97,
                98,
                99,
                100
            ],
            "excluded_lines": [],
            "executed_branches": [],
            "missing_branches": [
                [
                    43,
                    -43
                ],
                [
                    43,
                    -37
                ],
                [
                    57,
                    -57
                ],
                [
                    57,
                    60
                ],
                [
                    61,
                    -49
                ],
                [
                    61,
                    62
                ],
                [
                    62,
                    61
                ],
                [
                    62,
                    66
                ],
                [
                    67,
                    68
                ],
                [
                    67,
                    78
                ],
                [
                    68,
                    71
                ],
                [
                    68,
                    72
                ],
                [
                    72,
                    67
                ],
                [
                    72,
                    77
                ],
                [
                    84,
                    85
                ],
                [
                    84,
                    90
                ],
                [
                    86,
                    -81
                ],
                [
                    86,
                    87
                ],
                [
                    90,
                    -81
                ],
                [
                    90,
                    93
                ],
                [
                    97,
                    -81
                ],
                [
                    97,
                    98
                ]
            ]
        },
        "mkdocs_publisher/blog/parsers.py": {
            "executed_lines": [
                23,
                24,
                25,
                26,
                27,
                28,
                30,
                32,
                33,
                35,
                37,
                41,
                69,
                158
            ],
            "summary": {
                "covered_lines": 14,
                "num_statements": 80,
                "percent_covered": 10.447761194029852,
                "percent_covered_display": "10",
                "missing_lines": 66,
                "excluded_lines": 0,
                "num_branches": 54,
                "num_partial_branches": 0,
                "covered_branches": 0,
                "missing_branches": 54
            },
            "missing_lines": [
                46,
                47,
                48,
                49,
                50,
                53,
                54,
                55,
                56,
                57,
                58,
                59,
                61,
                77,
                78,
                79,
                83,
                84,
                85,
                86,
                87,
                88,
                89,
                90,
                91,
                92,
                93,
                94,
                95,
                97,
                101,
                104,
                106,
                109,
                110,
                112,
                113,
                114,
                116,
                119,
                120,
                121,
                124,
                125,
                127,
                130,
                131,
                134,
                135,
                136,
                137,
                138,
                143,
                145,
                148,
                149,
                165,
                166,
                167,
                168,
                169,
                170,
                171,
                172,
                173,
                174
            ],
            "excluded_lines": [],
            "executed_branches": [],
            "missing_branches": [
                [
                    78,
                    -69
                ],
                [
                    78,
                    79
                ],
                [
                    79,
                    83
                ],
                [
                    79,
                    84
                ],
                [
                    86,
                    78
                ],
                [
                    86,
                    87
                ],
                [
                    90,
                    91
                ],
                [
                    90,
                    94
                ],
                [
                    91,
                    78
                ],
                [
                    91,
                    92
                ],
                [
                    92,
                    91
                ],
                [
                    92,
                    93
                ],
                [
                    94,
                    78
                ],
                [
                    94,
                    95
                ],
                [
                    95,
                    97
                ],
                [
                    95,
                    104
                ],
                [
                    104,
                    106
                ],
                [
                    104,
                    109
                ],
                [
                    109,
                    110
                ],
                [
                    109,
                    116
                ],
                [
                    110,
                    112
                ],
                [
                    110,
                    113
                ],
                [
                    112,
                    -112
                ],
                [
                    112,
                    119
                ],
                [
                    113,
                    114
                ],
                [
                    113,
                    119
                ],
                [
                    119,
                    120
                ],
                [
                    119,
                    127
                ],
                [
                    120,
                    121
                ],
                [
                    120,
                    124
                ],
                [
                    121,
                    -121
                ],
                [
                    121,
                    130
                ],
                [
                    124,
                    125
                ],
                [
                    124,
                    130
                ],
                [
                    130,
                    131
                ],
                [
                    130,
                    134
                ],
                [
                    134,
                    -134
                ],
                [
                    134,
                    135
                ],
                [
                    135,
                    -135
                ],
                [
                    135,
                    136
                ],
                [
                    138,
                    143
                ],
                [
                    138,
                    145
                ],
                [
                    165,
                    -158
                ],
                [
                    165,
                    166
                ],
                [
                    167,
                    168
                ],
                [
                    167,
                    172
                ],
                [
                    168,
                    169
                ],
                [
                    168,
                    171
                ],
                [
                    170,
                    -170
                ],
                [
                    170,
                    171
                ],
                [
                    172,
                    173
                ],
                [
                    172,
                    174
                ],
                [
                    173,
                    -173
                ],
                [
                    173,
                    174
                ]
            ]
        },
        "mkdocs_publisher/blog/plugin.py": {
            "executed_lines": [
                23,
                24,
                25,
                26,
                27,
                28,
                29,
                30,
                32,
                33,
                34,
                35,
                36,
                37,
                38,
                41,
                42,
                43,
                44,
                45,
                46,
                47,
                48,
                49,
                50,
                52,
                55,
                56,
                57,
                58,
                59,
                61,
                65,
                114,
                121,
                128,
                129,
                144,
                145,
                158,
                159,
                163,
                164
            ],
            "summary": {
                "covered_lines": 43,
                "num_statements": 85,
                "percent_covered": 40.95238095238095,
                "percent_covered_display": "41",
                "missing_lines": 42,
                "excluded_lines": 0,
                "num_branches": 20,
                "num_partial_branches": 0,
                "covered_branches": 0,
                "missing_branches": 20
            },
            "missing_lines": [
                62,
                63,
                67,
                70,
                71,
                74,
                75,
                76,
                77,
                80,
                81,
                87,
                91,
                97,
                103,
                104,
                105,
                106,
                107,
                109,
                110,
                112,
                115,
                119,
                122,
                124,
                126,
                132,
                133,
                136,
                137,
                139,
                142,
                148,
                151,
                152,
                153,
                156,
                160,
                161,
                165,
                166
            ],
            "excluded_lines": [],
            "executed_branches": [],
            "missing_branches": [
                [
                    62,
                    -61
                ],
                [
                    62,
                    63
                ],
                [
                    70,
                    71
                ],
                [
                    70,
                    74
                ],
                [
                    74,
                    75
                ],
                [
                    74,
                    80
                ],
                [
                    76,
                    77
                ],
                [
                    76,
                    80
                ],
                [
                    104,
                    105
                ],
                [
                    104,
                    110
                ],
                [
                    105,
                    106
                ],
                [
                    105,
                    109
                ],
                [
                    106,
                    104
                ],
                [
                    106,
                    107
                ],
                [
                    132,
                    133
                ],
                [
                    132,
                    136
                ],
                [
                    136,
                    137
                ],
                [
                    136,
                    139
                ],
                [
                    151,
                    152
                ],
                [
                    151,
                    156
                ]
            ]
        },
        "mkdocs_publisher/blog/structures.py": {
            "executed_lines": [
                23,
                24,
                25,
                26,
                27,
                28,
                30,
                33,
                34,
                35,
                38,
                39,
                40,
                42,
                43,
                44,
                45,
                46,
                47,
                48,
                49,
                50,
                52,
                53,
                57,
                58,
                59,
                60,
                61,
                62,
                63,
                64,
                65,
                66,
                67,
                68,
                69,
                70,
                72,
                73,
                77,
                78,
                79,
                80,
                81,
                82,
                83,
                84,
                85,
                86,
                87,
                88,
                90,
                91,
                97
            ],
            "summary": {
                "covered_lines": 54,
                "num_statements": 70,
                "percent_covered": 78.04878048780488,
                "percent_covered_display": "78",
                "missing_lines": 16,
                "excluded_lines": 0,
                "num_branches": 12,
                "num_partial_branches": 0,
                "covered_branches": 10,
                "missing_branches": 2
            },
            "missing_lines": [
                54,
                74,
                92,
                93,
                94,
                95,
                98,
                100,
                101,
                102,
                105,
                106,
                107,
                108,
                109,
                111
            ],
            "excluded_lines": [],
            "executed_branches": [
                [
                    38,
                    39
                ],
                [
                    38,
                    40
                ],
                [
                    57,
                    58
                ],
                [
                    57,
                    59
                ],
                [
                    77,
                    78
                ],
                [
                    77,
                    79
                ],
                [
                    87,
                    -87
                ],
                [
                    87,
                    88
                ],
                [
                    88,
                    -88
                ],
                [
                    88,
                    90
                ]
            ],
            "missing_branches": [
                [
                    93,
                    94
                ],
                [
                    93,
                    95
                ]
            ]
        },
        "mkdocs_publisher/blog/translate.py": {
            "executed_lines": [],
            "summary": {
                "covered_lines": 0,
                "num_statements": 32,
                "percent_covered": 0.0,
                "percent_covered_display": "0",
                "missing_lines": 32,
                "excluded_lines": 0,
                "num_branches": 10,
                "num_partial_branches": 0,
                "covered_branches": 0,
                "missing_branches": 10
            },
            "missing_lines": [
                23,
                24,
                25,
                26,
                27,
                29,
                31,
                32,
                33,
                35,
                38,
                39,
                40,
                41,
                43,
                45,
                46,
                49,
                50,
                54,
                59,
                60,
                61,
                62,
                66,
                67,
                68,
                69,
                70,
                72,
                73,
                74
            ],
            "excluded_lines": [],
            "executed_branches": [],
            "missing_branches": [
                [
                    49,
                    50
                ],
                [
                    49,
                    59
                ],
                [
                    61,
                    -61
                ],
                [
                    61,
                    62
                ],
                [
                    62,
                    -62
                ],
                [
                    62,
                    66
                ],
                [
                    66,
                    67
                ],
                [
                    66,
                    70
                ],
                [
                    68,
                    66
                ],
                [
                    68,
                    69
                ]
            ]
        },
        "mkdocs_publisher/debugger/config.py": {
            "executed_lines": [],
            "summary": {
                "covered_lines": 0,
                "num_statements": 25,
                "percent_covered": 0.0,
                "percent_covered_display": "0",
                "missing_lines": 25,
                "excluded_lines": 0,
                "num_branches": 0,
                "num_partial_branches": 0,
                "covered_branches": 0,
                "missing_branches": 0
            },
            "missing_lines": [
                23,
                25,
                26,
                29,
                30,
                32,
                33,
                34,
                35,
                36,
                37,
                40,
                41,
                43,
                44,
                47,
                48,
                51,
                52,
                53,
                54,
                57,
                58,
                59,
                60
            ],
            "excluded_lines": [],
            "executed_branches": [],
            "missing_branches": []
        },
        "mkdocs_publisher/debugger/loggers.py": {
            "executed_lines": [],
            "summary": {
                "covered_lines": 0,
                "num_statements": 54,
                "percent_covered": 0.0,
                "percent_covered_display": "0",
                "missing_lines": 54,
                "excluded_lines": 0,
                "num_branches": 4,
                "num_partial_branches": 0,
                "covered_branches": 0,
                "missing_branches": 4
            },
            "missing_lines": [
                23,
                24,
                25,
                26,
                28,
                30,
                31,
                33,
                35,
                36,
                45,
                46,
                47,
                48,
                49,
                52,
                53,
                54,
                56,
                58,
                59,
                60,
                61,
                62,
                63,
                65,
                67,
                68,
                70,
                75,
                76,
                78,
                79,
                83,
                86,
                87,
                88,
                89,
                90,
                97,
                98,
                99,
                102,
                103,
                104,
                105,
                107,
                108,
                111,
                112,
                113,
                114,
                116,
                117
            ],
            "excluded_lines": [],
            "executed_branches": [],
            "missing_branches": [
                [
                    67,
                    68
                ],
                [
                    67,
                    70
                ],
                [
                    75,
                    76
                ],
                [
                    75,
                    78
                ]
            ]
        },
        "mkdocs_publisher/debugger/plugin.py": {
            "executed_lines": [],
            "summary": {
                "covered_lines": 0,
                "num_statements": 66,
                "percent_covered": 0.0,
                "percent_covered_display": "0",
                "missing_lines": 66,
                "excluded_lines": 0,
                "num_branches": 26,
                "num_partial_branches": 0,
                "covered_branches": 0,
                "missing_branches": 26
            },
            "missing_lines": [
                23,
                24,
                25,
                26,
                27,
                28,
                29,
                30,
                32,
                33,
                36,
                37,
                38,
                39,
                41,
                43,
                44,
                45,
                52,
                56,
                57,
                58,
                60,
                64,
                65,
                67,
                77,
                78,
                81,
                85,
                89,
                91,
                92,
                95,
                99,
                103,
                105,
                106,
                107,
                108,
                110,
                111,
                112,
                113,
                114,
                118,
                120,
                121,
                123,
                124,
                125,
                126,
                128,
                129,
                131,
                132,
                133,
                134,
                136,
                139,
                140,
                141,
                147,
                149,
                150,
                151
            ],
            "excluded_lines": [],
            "executed_branches": [],
            "missing_branches": [
                [
                    77,
                    78
                ],
                [
                    77,
                    91
                ],
                [
                    91,
                    -57
                ],
                [
                    91,
                    92
                ],
                [
                    105,
                    -57
                ],
                [
                    105,
                    106
                ],
                [
                    106,
                    -57
                ],
                [
                    106,
                    107
                ],
                [
                    107,
                    106
                ],
                [
                    107,
                    108
                ],
                [
                    112,
                    113
                ],
                [
                    112,
                    120
                ],
                [
                    120,
                    -110
                ],
                [
                    120,
                    121
                ],
                [
                    123,
                    124
                ],
                [
                    123,
                    128
                ],
                [
                    124,
                    125
                ],
                [
                    124,
                    128
                ],
                [
                    125,
                    124
                ],
                [
                    125,
                    126
                ],
                [
                    131,
                    132
                ],
                [
                    131,
                    139
                ],
                [
                    132,
                    133
                ],
                [
                    132,
                    136
                ],
                [
                    139,
                    140
                ],
                [
                    139,
                    147
                ]
            ]
        },
        "mkdocs_publisher/meta/config.py": {
            "executed_lines": [
                23,
                25,
                26,
                28,
                31,
                32,
                33,
                36,
                37,
                38,
                39,
                40,
                41,
                43,
                44,
                47,
                48,
                52,
                53,
                54,
                55,
                58,
                59,
                60,
                61,
                64,
                65,
                66,
                69,
                70,
                73,
                74,
                75,
                78,
                81,
                82,
                83,
                84,
                85,
                86,
                87,
                88,
                91,
                92,
                93,
                94,
                95,
                98,
                99,
                101,
                104,
                105,
                106
            ],
            "summary": {
                "covered_lines": 53,
                "num_statements": 53,
                "percent_covered": 100.0,
                "percent_covered_display": "100",
                "missing_lines": 0,
                "excluded_lines": 2,
                "num_branches": 0,
                "num_partial_branches": 0,
                "covered_branches": 0,
                "missing_branches": 0
            },
            "missing_lines": [],
            "excluded_lines": [
                45,
                49
            ],
            "executed_branches": [],
            "missing_branches": []
        },
        "mkdocs_publisher/meta/meta_files.py": {
            "executed_lines": [
                23,
                24,
                25,
                26,
                27,
                28,
                29,
                30,
                32,
                33,
                34,
                37,
                38,
                39,
                40,
                41,
                43,
                46,
                49,
                50,
                51,
                52,
                53,
                54,
                55,
                56,
                57,
                58,
                59,
                61,
                62,
                63,
                65,
                66,
                67,
                68,
                69,
                70,
                73,
                74,
                75,
                76,
                77,
                78,
                79,
                81,
                82,
                85,
                86,
                87,
                89,
                90,
                91,
                93,
                94,
                95,
                97,
                98,
                99,
                101,
                102,
                107,
                108,
                109,
                111,
                112,
                113,
                114,
                119,
                120,
                121,
                122,
                123,
                127,
                128,
                130,
                132,
                141,
                143,
                144,
                146,
                150,
                151,
                153,
                155,
                208,
                220,
                245,
                256
            ],
            "summary": {
                "covered_lines": 87,
                "num_statements": 137,
                "percent_covered": 55.44041450777202,
                "percent_covered_display": "55",
                "missing_lines": 50,
                "excluded_lines": 12,
                "num_branches": 56,
                "num_partial_branches": 0,
                "covered_branches": 20,
                "missing_branches": 36
            },
            "missing_lines": [
                83,
                156,
                159,
                160,
                161,
                162,
                163,
                169,
                170,
                171,
                178,
                179,
                181,
                182,
                183,
                184,
                187,
                188,
                191,
                192,
                193,
                194,
                195,
                196,
                197,
                198,
                199,
                201,
                221,
                222,
                225,
                226,
                227,
                228,
                230,
                231,
                232,
                239,
                241,
                243,
                246,
                247,
                248,
                253,
                254,
                257,
                258,
                259,
                264,
                265
            ],
            "excluded_lines": [
                102,
                103,
                105,
                133,
                208,
                210,
                212,
                213,
                214,
                215,
                216,
                218
            ],
            "executed_branches": [
                [
                    49,
                    50
                ],
                [
                    49,
                    51
                ],
                [
                    68,
                    69
                ],
                [
                    68,
                    70
                ],
                [
                    94,
                    -93
                ],
                [
                    94,
                    95
                ],
                [
                    111,
                    112
                ],
                [
                    111,
                    119
                ],
                [
                    113,
                    114
                ],
                [
                    113,
                    119
                ],
                [
                    119,
                    120
                ],
                [
                    119,
                    127
                ],
                [
                    122,
                    123
                ],
                [
                    122,
                    127
                ],
                [
                    127,
                    128
                ],
                [
                    127,
                    130
                ],
                [
                    143,
                    144
                ],
                [
                    143,
                    146
                ],
                [
                    150,
                    151
                ],
                [
                    150,
                    153
                ]
            ],
            "missing_branches": [
                [
                    159,
                    160
                ],
                [
                    159,
                    178
                ],
                [
                    160,
                    161
                ],
                [
                    160,
                    169
                ],
                [
                    162,
                    163
                ],
                [
                    162,
                    178
                ],
                [
                    170,
                    171
                ],
                [
                    170,
                    178
                ],
                [
                    178,
                    179
                ],
                [
                    178,
                    187
                ],
                [
                    181,
                    182
                ],
                [
                    181,
                    183
                ],
                [
                    183,
                    184
                ],
                [
                    183,
                    187
                ],
                [
                    187,
                    188
                ],
                [
                    187,
                    191
                ],
                [
                    191,
                    192
                ],
                [
                    191,
                    194
                ],
                [
                    194,
                    195
                ],
                [
                    194,
                    197
                ],
                [
                    197,
                    198
                ],
                [
                    197,
                    201
                ],
                [
                    221,
                    222
                ],
                [
                    221,
                    241
                ],
                [
                    226,
                    227
                ],
                [
                    226,
                    230
                ],
                [
                    230,
                    231
                ],
                [
                    230,
                    243
                ],
                [
                    247,
                    248
                ],
                [
                    247,
                    254
                ],
                [
                    248,
                    247
                ],
                [
                    248,
                    253
                ],
                [
                    258,
                    259
                ],
                [
                    258,
                    265
                ],
                [
                    259,
                    258
                ],
                [
                    259,
                    264
                ]
            ]
        },
        "mkdocs_publisher/meta/nav.py": {
            "executed_lines": [
                23,
                24,
                25,
                26,
                27,
                29,
                30,
                31,
                32,
                34,
                35,
                37,
                40,
                41,
                45,
                59,
                65,
                122
            ],
            "summary": {
                "covered_lines": 18,
                "num_statements": 61,
                "percent_covered": 19.78021978021978,
                "percent_covered_display": "20",
                "missing_lines": 43,
                "excluded_lines": 0,
                "num_branches": 30,
                "num_partial_branches": 0,
                "covered_branches": 0,
                "missing_branches": 30
            },
            "missing_lines": [
                42,
                43,
                46,
                47,
                48,
                49,
                51,
                52,
                53,
                56,
                57,
                60,
                62,
                63,
                66,
                69,
                70,
                71,
                72,
                74,
                75,
                76,
                77,
                79,
                83,
                85,
                86,
                88,
                89,
                90,
                93,
                96,
                97,
                102,
                105,
                107,
                109,
                112,
                117,
                119,
                120,
                123,
                127
            ],
            "excluded_lines": [],
            "executed_branches": [],
            "missing_branches": [
                [
                    47,
                    48
                ],
                [
                    47,
                    57
                ],
                [
                    48,
                    49
                ],
                [
                    48,
                    53
                ],
                [
                    51,
                    47
                ],
                [
                    51,
                    52
                ],
                [
                    53,
                    47
                ],
                [
                    53,
                    56
                ],
                [
                    60,
                    -59
                ],
                [
                    60,
                    62
                ],
                [
                    62,
                    60
                ],
                [
                    62,
                    63
                ],
                [
                    74,
                    75
                ],
                [
                    74,
                    119
                ],
                [
                    76,
                    69
                ],
                [
                    76,
                    77
                ],
                [
                    77,
                    79
                ],
                [
                    77,
                    117
                ],
                [
                    83,
                    85
                ],
                [
                    83,
                    86
                ],
                [
                    86,
                    88
                ],
                [
                    86,
                    107
                ],
                [
                    88,
                    89
                ],
                [
                    88,
                    105
                ],
                [
                    90,
                    93
                ],
                [
                    90,
                    96
                ],
                [
                    96,
                    97
                ],
                [
                    96,
                    102
                ],
                [
[...]
                "num_partial_branches": 0,
                "covered_branches": 2,
                "missing_branches": 22
            },
            "missing_lines": [
                68,
                69,
                75,
                76,
                80,
                83,
                86,
                91,
                95,
                96,
                97,
                98,
                99,
                100,
                104,
                106,
                108,
                109,
                110,
                114,
                116,
                117,
                118,
                122,
                124,
                125,
                126,
                128,
                131,
                132,
                133,
                134,
                135,
                136,
                137,
                138,
                139,
                144,
                145,
                152,
                153,
                155
            ],
            "excluded_lines": [],
            "executed_branches": [
                [
                    51,
                    -51
                ],
                [
                    51,
                    51
                ],
                [
                    51,
                    54
                ]
            ],
            "missing_branches": [
                [
                    75,
                    -75
                ],
                [
                    75,
                    76
                ],
                [
                    76,
                    -76
                ],
                [
                    76,
                    80
                ],
                [
                    96,
                    97
                ],
                [
                    96,
                    106
                ],
                [
                    99,
                    100
                ],
                [
                    99,
                    108
                ],
                [
                    109,
                    110
                ],
                [
                    109,
                    116
                ],
                [
                    117,
                    118
                ],
                [
                    117,
                    124
                ],
                [
                    125,
                    126
                ],
                [
                    125,
                    128
                ],
                [
                    134,
                    135
                ],
                [
                    134,
                    155
                ],
                [
                    137,
                    138
                ],
                [
                    137,
                    144
                ],
                [
                    144,
                    145
                ],
                [
                    144,
                    152
                ],
                [
                    155,
                    -155
                ],
                [
                    155,
                    -130
                ]
            ]
        },
        "mkdocs_publisher/obsidian/config.py": {
            "executed_lines": [
                23,
                24,
                27,
                28,
                31,
                32,
                33,
                36,
                37,
                38,
                41,
                42,
                43,
                44,
                47,
                48,
                49,
                52,
                54,
                55,
                56,
                58,
                59,
                60,
                61,
                62
            ],
            "summary": {
                "covered_lines": 26,
                "num_statements": 26,
                "percent_covered": 100.0,
                "percent_covered_display": "100",
                "missing_lines": 0,
                "excluded_lines": 0,
                "num_branches": 0,
                "num_partial_branches": 0,
                "covered_branches": 0,
                "missing_branches": 0
            },
            "missing_lines": [],
            "excluded_lines": [],
            "executed_branches": [],
            "missing_branches": []
        },
        "mkdocs_publisher/obsidian/md_links.py": {
            "executed_lines": [
                23,
                24,
                25,
                26,
                27,
                29,
                32,
                33,
                36,
                37,
                39,
                42,
                43,
                44,
                45,
                46,
                49,
                54,
                55,
                56,
                57,
                58,
                60,
                61,
                62,
                63,
                64,
                65,
                66,
                68,
                69,
                70,
                71,
                72,
                73,
                75,
                76,
                77,
                78,
                79,
                80,
                82,
                83,
                84,
                85,
                86,
                87,
                89,
                90,
                91,
                92,
                93,
                94,
                95,
                96,
                97,
                99,
                100,
                101,
                106,
                108,
                109,
                110,
                111
            ],
            "summary": {
                "covered_lines": 64,
                "num_statements": 64,
                "percent_covered": 100.0,
                "percent_covered_display": "100",
                "missing_lines": 0,
                "excluded_lines": 0,
                "num_branches": 2,
                "num_partial_branches": 0,
                "covered_branches": 2,
                "missing_branches": 0
            },
            "missing_lines": [],
            "excluded_lines": [],
            "executed_branches": [
                [
                    91,
                    92
                ],
                [
                    91,
                    95
                ]
            ],
            "missing_branches": []
        },
        "mkdocs_publisher/obsidian/plugin.py": {
            "executed_lines": [
                23,
                24,
                25,
                26,
                27,
                28,
                30,
                31,
                32,
                33,
                34,
                35,
                36,
                37,
                38,
                39,
                40,
                43,
                46,
                47,
                48,
                49,
                50,
                51,
                52,
                54,
                56,
                59,
                60,
                61,
                62,
                64,
                68,
                69,
                70,
                71,
                72,
                73,
                75,
                80,
                85,
                94,
                110,
                111,
                153,
                165
            ],
            "summary": {
                "covered_lines": 46,
                "num_statements": 112,
                "percent_covered": 34.04255319148936,
                "percent_covered_display": "34",
                "missing_lines": 66,
                "excluded_lines": 0,
                "num_branches": 29,
                "num_partial_branches": 0,
                "covered_branches": 2,
                "missing_branches": 27
            },
            "missing_lines": [
                65,
                76,
                77,
                78,
                81,
                82,
                83,
                86,
                87,
                92,
                97,
                98,
                99,
                100,
                101,
                102,
                103,
                104,
                107,
                108,
                115,
                118,
                119,
                121,
                123,
                124,
                128,
                130,
                131,
                132,
                133,
                135,
                136,
                137,
                138,
                139,
                140,
                143,
                147,
                150,
                151,
                154,
                156,
                157,
                158,
                159,
                160,
                162,
                168,
                170,
                173,
                175,
                180,
                181,
                182,
                184,
                185,
                187,
                188,
                190,
                191,
                192,
                193,
                195,
                198,
                199
            ],
            "excluded_lines": [],
            "executed_branches": [
                [
                    59,
                    60
                ],
                [
                    59,
                    61
                ]
            ],
            "missing_branches": [
                [
                    86,
                    87
                ],
                [
                    86,
                    92
                ],
                [
                    97,
                    98
                ],
                [
                    97,
                    108
                ],
                [
                    99,
                    100
                ],
                [
                    99,
                    108
                ],
                [
                    100,
                    99
                ],
                [
                    100,
                    101
                ],
                [
                    118,
                    119
                ],
                [
                    118,
                    121
                ],
                [
                    121,
                    123
                ],
                [
                    121,
                    128
                ],
                [
                    128,
                    130
                ],
                [
                    128,
                    135
                ],
                [
                    132,
                    133
                ],
                [
                    132,
                    135
                ],
                [
                    135,
                    136
                ],
                [
                    135,
                    151
                ],
                [
                    138,
                    139
                ],
                [
                    138,
                    151
                ],
                [
                    154,
                    156
                ],
                [
                    154,
                    162
                ],
                [
                    175,
                    -175
                ],
                [
                    175,
                    180
                ],
                [
                    175,
                    181
                ],
                [
                    190,
                    191
                ],
                [
                    190,
                    193
                ]
            ]
        },
        "mkdocs_publisher/obsidian/vega.py": {
            "executed_lines": [
                23,
                24,
                25,
                26,
                28,
                30,
                32,
                35,
                36,
                37,
                48,
                49,
                58,
                59,
                62
            ],
            "summary": {
                "covered_lines": 15,
                "num_statements": 48,
                "percent_covered": 24.193548387096776,
                "percent_covered_display": "24",
                "missing_lines": 33,
                "excluded_lines": 0,
                "num_branches": 14,
                "num_partial_branches": 0,
                "covered_branches": 0,
                "missing_branches": 14
            },
            "missing_lines": [
                50,
                51,
                55,
                56,
                60,
                63,
                64,
                65,
                66,
                68,
                69,
                70,
                71,
                72,
                73,
                74,
                75,
                77,
                78,
                79,
                82,
                83,
                87,
                91,
                93,
                94,
                97,
                100,
                101,
                102,
                104,
                106,
                108
            ],
            "excluded_lines": [],
            "executed_branches": [],
            "missing_branches": [
                [
                    68,
                    69
                ],
                [
                    68,
                    108
                ],
                [
                    70,
                    71
                ],
                [
                    70,
                    73
                ],
                [
                    73,
                    74
                ],
                [
                    73,
                    106
                ],
                [
                    75,
                    77
                ],
                [
                    75,
                    104
                ],
                [
                    78,
                    79
                ],
                [
                    78,
                    82
                ],
                [
                    93,
                    94
                ],
                [
                    93,
                    97
                ],
                [
                    108,
                    -108
                ],
                [
                    108,
                    -62
                ]
            ]
        },
        "mkdocs_publisher/social/config.py": {
            "executed_lines": [],
            "summary": {
                "covered_lines": 0,
                "num_statements": 17,
                "percent_covered": 0.0,
                "percent_covered_display": "0",
                "missing_lines": 17,
                "excluded_lines": 0,
                "num_branches": 0,
                "num_partial_branches": 0,
                "covered_branches": 0,
                "missing_branches": 0
            },
            "missing_lines": [
                23,
                24,
                27,
                28,
                29,
                32,
                33,
                34,
                35,
                38,
                39,
                40,
                41,
                44,
                45,
                46,
                47
            ],
            "excluded_lines": [],
            "executed_branches": [],
            "missing_branches": []
        },
        "mkdocs_publisher/social/plugin.py": {
            "executed_lines": [],
            "summary": {
                "covered_lines": 0,
                "num_statements": 58,
                "percent_covered": 0.0,
                "percent_covered_display": "0",
                "missing_lines": 58,
                "excluded_lines": 0,
                "num_branches": 20,
                "num_partial_branches": 0,
                "covered_branches": 0,
                "missing_branches": 20
            },
            "missing_lines": [
                23,
                24,
                25,
                27,
                28,
                29,
                30,
                33,
                34,
                36,
                38,
                46,
                57,
                58,
                59,
                60,
                62,
                63,
                64,
                65,
                68,
                69,
                70,
                71,
                72,
                74,
                75,
                76,
                77,
                78,
                79,
                80,
                85,
                86,
                87,
                89,
                90,
                91,
                92,
                93,
                94,
                95,
                96,
                98,
                99,
                101,
                102,
                103,
                104,
                105,
                106,
                108,
                109,
                111,
                112,
                116,
                117,
                121
            ],
            "excluded_lines": [],
            "executed_branches": [],
            "missing_branches": [
                [
                    71,
                    72
                ],
                [
                    71,
                    86
                ],
                [
                    74,
                    75
                ],
                [
                    74,
                    76
                ],
                [
                    76,
                    77
                ],
                [
                    76,
                    78
                ],
                [
                    79,
                    80
                ],
                [
                    79,
                    85
                ],
                [
                    89,
                    90
                ],
                [
                    89,
                    101
                ],
                [
                    98,
                    99
                ],
                [
                    98,
                    101
                ],
                [
                    101,
                    102
                ],
                [
                    101,
                    121
                ],
                [
                    108,
                    109
                ],
                [
                    108,
                    111
                ],
                [
                    111,
                    112
                ],
                [
                    111,
                    116
                ],
                [
                    116,
                    117
                ],
                [
                    116,
                    121
                ]
            ]
        }
    },
    "totals": {
        "covered_lines": 843,
        "num_statements": 2175,
        "percent_covered": 34.07880724174654,
        "percent_covered_display": "34",
        "missing_lines": 1332,
        "excluded_lines": 16,
        "num_branches": 642,
        "num_partial_branches": 1,
        "covered_branches": 117,
        "missing_branches": 525
    }
}